?/(ProtocolVerb;Host;Dest;Uri)
?/login(ProtocolVerb;Host;Dest;Uri)
!Response(Protocol;Host;Dest;status;response;data)
?/favicon.ico(ProtocolVerb;Host;Dest;Uri)
?/favicon.ico(ProtocolVerb;Host;Dest;Uri)
?/login(ProtocolVerb;Host;Dest;Uri)
!Response(Protocol;Host;Dest;status;response;data)
?/login(ProtocolVerb;Host;Dest;Uri;password)
!Response(Protocol;Host;Dest;status;response;data)
!symetric active(Protocol;Host;Dest;mode;timestamp)
?server(Protocol;Host;Dest;mode)
!symetric active(Protocol;Host;Dest;mode;timestamp)
?/(ProtocolVerb;Host;Dest;Uri)
!Response(Protocol;Host;Dest;status;response;data)
?/(ProtocolVerb;Host;Dest;Uri)
?server(Protocol;Host;Dest;mode)
!symetric active(Protocol;Host;Dest;mode;timestamp)
?server(Protocol;Host;Dest;mode)
!symetric active(Protocol;Host;Dest;mode;timestamp)
?server(Protocol;Host;Dest;mode)
!Response(Protocol;Host;Dest;status;response;data)
?/devices(ProtocolVerb;Host;Dest;Uri)
!Response(Protocol;Host;Dest;status;response;data)
!symetric active(Protocol;Host;Dest;mode;timestamp)
?/devices(ProtocolVerb;Host;Dest;Uri)
?server(Protocol;Host;Dest;mode)
!symetric active(Protocol;Host;Dest;mode;timestamp)
?server(Protocol;Host;Dest;mode)
!Response(Protocol;Host;Dest;status;response;data)
?/hardware(ProtocolVerb;Host;Dest;Uri)
!Response(Protocol;Host;Dest;status;response;data)
?/config(ProtocolVerb;Host;Dest;Uri)
!symetric active(Protocol;Host;Dest;mode;timestamp)
?server(Protocol;Host;Dest;mode)
!symetric active(Protocol;Host;Dest;mode;timestamp)
!Response(Protocol;Host;Dest;status;response;data)
?/tools(ProtocolVerb;Host;Dest;Uri)
!Response(Protocol;Host;Dest;status;response;data)
?/log(ProtocolVerb;Host;Dest;Uri)
!Response(Protocol;Host;Dest;status;response;data)
?/log(ProtocolVerb;Host;Dest;Uri)
!Response(Protocol;Host;Dest;status;response;data)
?server(Protocol;Host;Dest;mode)
!symetric active(Protocol;Host;Dest;mode;timestamp)
?server(Protocol;Host;Dest;mode)
!symetric active(Protocol;Host;Dest;mode;timestamp)
?server(Protocol;Host;Dest;mode)
?/log(ProtocolVerb;Host;Dest;Uri)
!Response(Protocol;Host;Dest;status;response;data)
?/log(ProtocolVerb;Host;Dest;Uri)