!Response(Protocol;Host;Dest;status;response;data)
?/log(ProtocolVerb;Host;Dest;Uri)
!Response(Protocol;Host;Dest;status;response;data)
?/log(ProtocolVerb;Host;Dest;Uri)
!symetric active(Protocol;Host;Dest;mode;timestamp)
?server(Protocol;Host;Dest;mode)
!Response(Protocol;Host;Dest;status;response;data)
?/tools(ProtocolVerb;Host;Dest;Uri)
!symetric active(Protocol;Host;Dest;mode;timestamp)
?server(Protocol;Host;Dest;mode)
!Response(Protocol;Host;Dest;status;response;data)
?/wifiscanner(ProtocolVerb;Host;Dest;Uri)
?/wifiscanner(ProtocolVerb;Host;Dest;Uri)
!Response(Protocol;Host;Dest;status;response;data)
?/devices(ProtocolVerb;Host;Dest;Uri)
!symetric active(Protocol;Host;Dest;mode;timestamp)
?server(Protocol;Host;Dest;mode)
!Response(Protocol;Host;Dest;status;response;data)
?/devices(ProtocolVerb;Host;Dest;Uri;index;page)
!Response(Protocol;Host;Dest;status;response;data)
!symetric active(Protocol;Host;Dest;mode;timestamp)
?server(Protocol;Host;Dest;mode)
!symetric active(Protocol;Host;Dest;mode;timestamp)
?/devices(ProtocolVerb;Host;Dest;Uri;index;page;taskdevicenumber;taskdevicename;taskdeviceid;taskdevicepin1;edit;page)
!Response(Protocol;Host;Dest;status;response;data)
?/devices(ProtocolVerb;Host;Dest;Uri)
?server(Protocol;Host;Dest;mode)
!symetric active(Protocol;Host;Dest;mode;timestamp)
?server(Protocol;Host;Dest;mode)
!symetric active(Protocol;Host;Dest;mode;timestamp)
?server(Protocol;Host;Dest;mode)
!Response(Protocol;Host;Dest;status;response;data)
?/devices(ProtocolVerb;Host;Dest;Uri;index;page)
!Response(Protocol;Host;Dest;status;response;data)
?/devices(ProtocolVerb;Host;Dest;Uri)
!Response(Protocol;Host;Dest;status;response;data)
?/hardware(ProtocolVerb;Host;Dest;Uri)
!symetric active(Protocol;Host;Dest;mode;timestamp)
?server(Protocol;Host;Dest;mode)
!Response(Protocol;Host;Dest;status;response;data)
?/config(ProtocolVerb;Host;Dest;Uri)
!symetric active(Protocol;Host;Dest;mode;timestamp)
?server(Protocol;Host;Dest;mode)
!Response(Protocol;Host;Dest;status;response;data)
?/tools(ProtocolVerb;Host;Dest;Uri)
!Response(Protocol;Host;Dest;status;response;data)
!symetric active(Protocol;Host;Dest;mode;timestamp)
?server(Protocol;Host;Dest;mode)
!symetric active(Protocol;Host;Dest;mode;timestamp)
?server(Protocol;Host;Dest;mode)