?/wifiscanner(ProtocolVerb;Host;Dest;Uri)
?/wifiscanner(ProtocolVerb;Host;Dest;Uri)
!Response(Protocol;Host;Dest;status;response;data)
?/log(ProtocolVerb;Host;Dest;Uri)
!symetric active(Protocol;Host;Dest;mode;timestamp)
?server(Protocol;Host;Dest;mode)
!symetric active(Protocol;Host;Dest;mode;timestamp)
?server(Protocol;Host;Dest;mode)
!Response(Protocol;Host;Dest;status;response;data)
?/log(ProtocolVerb;Host;Dest;Uri)
!symetric active(Protocol;Host;Dest;mode;timestamp)
!Response(Protocol;Host;Dest;status;response;data)
?/tools(ProtocolVerb;Host;Dest;Uri)
!Response(Protocol;Host;Dest;status;response;data)
?/wifiscanner(ProtocolVerb;Host;Dest;Uri)
?/wifiscanner(ProtocolVerb;Host;Dest;Uri)
!Response(Protocol;Host;Dest;status;response;data)
?server(Protocol;Host;Dest;mode)
!symetric active(Protocol;Host;Dest;mode;timestamp)
?server(Protocol;Host;Dest;mode)
?/devices(ProtocolVerb;Host;Dest;Uri;index;page;taskdevicenumber;taskdevicename;taskdevicetimer;taskdeviceid;taskdevicepin14;plugin_005_dhttype;taskdevicesenddata;taskdeviceformula1;%25value%25-7taskdevicevaluedecimals1;taskdeviceformula2;%25value%25%2B14taskdevicevaluedecimals2;taskdevicevaluename1;taskdevicevaluename2;edit;page)
!Response(Protocol;Host;Dest;status;response;data)
?/devices(ProtocolVerb;Host;Dest;Uri)
!Response(Protocol;Host;Dest;status;response;data)
!symetric active(Protocol;Host;Dest;mode;timestamp)
?server(Protocol;Host;Dest;mode)
!symetric active(Protocol;Host;Dest;mode;timestamp)
?server(Protocol;Host;Dest;mode)
?/devices(ProtocolVerb;Host;Dest;Uri)
!Response(Protocol;Host;Dest;status;response;data)
?/hardware(ProtocolVerb;Host;Dest;Uri)
!symetric active(Protocol;Host;Dest;mode;timestamp)
?server(Protocol;Host;Dest;mode)
!Response(Protocol;Host;Dest;status;response;data)
?/config(ProtocolVerb;Host;Dest;Uri)
!symetric active(Protocol;Host;Dest;mode;timestamp)
?server(Protocol;Host;Dest;mode)
!symetric active(Protocol;Host;Dest;mode;timestamp)
?server(Protocol;Host;Dest;mode)
!Response(Protocol;Host;Dest;status;response;data)
?/tools(ProtocolVerb;Host;Dest;Uri)
!Response(Protocol;Host;Dest;status;response;data)
?/log(ProtocolVerb;Host;Dest;Uri)
!Response(Protocol;Host;Dest;status;response;data)
?/log(ProtocolVerb;Host;Dest;Uri)
!Response(Protocol;Host;Dest;status;response;data)
!symetric active(Protocol;Host;Dest;mode;timestamp)
?server(Protocol;Host;Dest;mode)
?/log(ProtocolVerb;Host;Dest;Uri)
!Response(Protocol;Host;Dest;status;response;data)