?/(ProtocolVerb;Host;Dest;Uri)
?/login(ProtocolVerb;Host;Dest;Uri)
!Response(Protocol;Host;Dest;status;response;data)
?/favicon.ico(ProtocolVerb;Host;Dest;Uri)
?/favicon.ico(ProtocolVerb;Host;Dest;Uri)
?/login(ProtocolVerb;Host;Dest;Uri)
!Response(Protocol;Host;Dest;status;response;data)
?/login(ProtocolVerb;Host;Dest;Uri;password)
!Response(Protocol;Host;Dest;status;response;data)
?/(ProtocolVerb;Host;Dest;Uri)
!Response(Protocol;Host;Dest;status;response;data)
?/(ProtocolVerb;Host;Dest;Uri)
!Response(Protocol;Host;Dest;status;response;data)
?/devices(ProtocolVerb;Host;Dest;Uri)
!Response(Protocol;Host;Dest;status;response;data)
?/devices(ProtocolVerb;Host;Dest;Uri)
!Response(Protocol;Host;Dest;status;response;data)
?/hardware(ProtocolVerb;Host;Dest;Uri)
!Response(Protocol;Host;Dest;status;response;data)
?/config(ProtocolVerb;Host;Dest;Uri)
!Response(Protocol;Host;Dest;status;response;data)
?/tools(ProtocolVerb;Host;Dest;Uri)
!Response(Protocol;Host;Dest;status;response;data)
?/log(ProtocolVerb;Host;Dest;Uri)
!Response(Protocol;Host;Dest;status;response;data)
?/log(ProtocolVerb;Host;Dest;Uri)
!Response(Protocol;Host;Dest;status;response;data)
?/log(ProtocolVerb;Host;Dest;Uri)
!Response(Protocol;Host;Dest;status;response;data)
?/log(ProtocolVerb;Host;Dest;Uri)
!Response(Protocol;Host;Dest;status;response;data)
?/log(ProtocolVerb;Host;Dest;Uri)
!Response(Protocol;Host;Dest;status;response;data)
?/log(ProtocolVerb;Host;Dest;Uri)
!Response(Protocol;Host;Dest;status;response;data)
?/tools(ProtocolVerb;Host;Dest;Uri)
!Response(Protocol;Host;Dest;status;response;data)
?/wifiscanner(ProtocolVerb;Host;Dest;Uri)
?/wifiscanner(ProtocolVerb;Host;Dest;Uri)
!Response(Protocol;Host;Dest;status;response;data)