?/log(ProtocolVerb;Host;Dest;Uri)
!Response(Protocol;Host;Dest;status;response;data)
?/log(ProtocolVerb;Host;Dest;Uri)
!Response(Protocol;Host;Dest;status;response;data)
?/tools(ProtocolVerb;Host;Dest;Uri)
!Response(Protocol;Host;Dest;status;response;data)
?/wifiscanner(ProtocolVerb;Host;Dest;Uri)
?/wifiscanner(ProtocolVerb;Host;Dest;Uri)
!Response(Protocol;Host;Dest;status;response;data)
?/devices(ProtocolVerb;Host;Dest;Uri;index;page)
!Response(Protocol;Host;Dest;status;response;data)
?/devices(ProtocolVerb;Host;Dest;Uri;setpage)
!Response(Protocol;Host;Dest;status;response;data)
?/config(ProtocolVerb;Host;Dest;Uri)
!Response(Protocol;Host;Dest;status;response;data)
?/(ProtocolVerb;Host;Dest;Uri)
!Response(Protocol;Host;Dest;status;response;data
?/config(ProtocolVerb;Host;Dest;Uri)
!Response(Protocol;Host;Dest;status;response;data)
?/config(ProtocolVerb;Host;Dest;Uri;name;password;ssid;apkey;unit;protocol;usedns;controllerip;controllerport;controlleruser;controllerpassword;delay;espip;espgateway;espsubnet;espdns)
!Response(Protocol;Host;Dest;status;response;data)
?/tools(ProtocolVerb;Host;Dest;Uri)
!Response(Protocol;Host;Dest;status;response;data)
?/update(ProtocolVerb;Host;Dest;Uri)
!Response(Protocol;Host;Dest;status;response;data)
?/devices(ProtocolVerb;Host;Dest;Uri)
!Response(Protocol;Host;Dest;status;response;data)
?/hardware(ProtocolVerb;Host;Dest;Uri)
!Response(Protocol;Host;Dest;status;response;data)
?/config(ProtocolVerb;Host;Dest;Uri)
!Response(Protocol;Host;Dest;status;response;data)
?/tools(ProtocolVerb;Host;Dest;Uri)
!Response(Protocol;Host;Dest;status;response;data)
?/log(ProtocolVerb;Host;Dest;Uri)
!Response(Protocol;Host;Dest;status;response;data)
?/log(ProtocolVerb;Host;Dest;Uri)
!Response(Protocol;Host;Dest;status;response;data)
?/log(ProtocolVerb;Host;Dest;Uri)
!Response(Protocol;Host;Dest;status;response;data)
?/log(ProtocolVerb;Host;Dest;Uri)