!/json.htm(Protocol;Host;Dest;Uri;type;param;idx;svalue)
?Response(Protocol;Host;Dest;status;response)
!symetric active(Protocol;Host;Dest;mode;timestamp)
?server(Protocol;Host;Dest;mode)
!symetric active(Protocol;Host;Dest;mode;timestamp)
?server(Protocol;Host;Dest;mode)
!symetric active(Protocol;Host;Dest;mode;timestamp)
?server(Protocol;Host;Dest;mode)
!/json.htm(Protocol;Host;Dest;Uri;type;param;idx;svalue)
?Response(Protocol;Host;Dest;status;response)
!/json.htm(Protocol;Host;Dest;Uri;type;param;idx;svalue)
?Response(Protocol;Host;Dest;status;response)
!/json.htm(Protocol;Host;Dest;Uri;type;param;idx;switchcmd)
?Response(Protocol;Host;Dest;status;response)
!/json.htm(Protocol;Host;Dest;Uri;type;param;idx;svalue)
?Response(Protocol;Host;Dest;status;response)
!symetric active(Protocol;Host;Dest;mode;timestamp)
?server(Protocol;Host;Dest;mode)
!symetric active(Protocol;Host;Dest;mode;timestamp)
?server(Protocol;Host;Dest;mode)
!/json.htm(Protocol;Host;Dest;Uri;type;param;idx;svalue)
?Response(Protocol;Host;Dest;status;response)
!/json.htm(Protocol;Host;Dest;Uri;type;param;idx;switchcmd)
?Response(Protocol;Host;Dest;status;response)
!/json.htm(Protocol;Host;Dest;Uri;type;param;idx;svalue)
?Response(Protocol;Host;Dest;status;response)
!symetric active(Protocol;Host;Dest;mode;timestamp)
?server(Protocol;Host;Dest;mode)
!/json.htm(Protocol;Host;Dest;Uri;type;param;idx;svalue)
?Response(Protocol;Host;Dest;status;response)
!symetric active(Protocol;Host;Dest;mode;timestamp)
?server(Protocol;Host;Dest;mode)
!/json.htm(Protocol;Host;Dest;Uri;type;param;idx;svalue)
?Response(Protocol;Host;Dest;status;response)
!/json.htm(Protocol;Host;Dest;Uri;type;param;idx;switchcmd)
!symetric active(Protocol;Host;Dest;mode;timestamp)
?server(Protocol;Host;Dest;mode)
!symetric active(Protocol;Host;Dest;mode;timestamp)
?Response(Protocol;Host;Dest;status;response)
!/json.htm(Protocol;Host;Dest;Uri;type;param;idx;svalue)
?Response(Protocol;Host;Dest;status;response)
!/json.htm(Protocol;Host;Dest;Uri;type;param;idx;svalue)
?Response(Protocol;Host;Dest;status;response)
!/json.htm(Protocol;Host;Dest;Uri;type;param;idx;switchcmd)
?server(Protocol;Host;Dest;mode)
!symetric active(Protocol;Host;Dest;mode;timestamp)
?server(Protocol;Host;Dest;mode)
!symetric active(Protocol;Host;Dest;mode;timestamp)
?server(Protocol;Host;Dest;mode)
?Response(Protocol;Host;Dest;status;response)
!/json.htm(Protocol;Host;Dest;Uri;type;param;idx;svalue)
?Response(Protocol;Host;Dest;status;response)
