!/json.htm(Protocol;Host;Dest;Uri;type;param;idx;svalue)
?Response(Protocol;Host;Dest;status;response)
!/json.htm(Protocol;Host;Dest;Uri;type;param;idx;svalue)
?Response(Protocol;Host;Dest;status;response)
!symetric active(Protocol;Host;Dest;mode;timestamp)
?server(Protocol;Host;Dest;mode)
!/json.htm(Protocol;Host;Dest;Uri;type;param;idx;svalue)
?Response(Protocol;Host;Dest;status;response)
!/json.htm(Protocol;Host;Dest;Uri;type;param;idx;svalue)
?Response(Protocol;Host;Dest;status;response)
!symetric active(Protocol;Host;Dest;mode;timestamp)
?server(Protocol;Host;Dest;mode)
?/(ProtocolVerb;Host;Dest;Uri)
?/login(ProtocolVerb;Host;Dest;Uri)
!Response(Protocol;Host;Dest;status;response;data)
?/favicon.ico(ProtocolVerb;Host;Dest;Uri)
?/favicon.ico(ProtocolVerb;Host;Dest;Uri)
?/login(ProtocolVerb;Host;Dest;Uri)
!Response(Protocol;Host;Dest;status;response;data)
?/login(ProtocolVerb;Host;Dest;Uri;password)
!Response(Protocol;Host;Dest;status;response;data)
?/(ProtocolVerb;Host;Dest;Uri)
!symetric active(Protocol;Host;Dest;mode;timestamp)
!Response(Protocol;Host;Dest;status;response;data)
?/(ProtocolVerb;Host;Dest;Uri)
?server(Protocol;Host;Dest;mode)
!symetric active(Protocol;Host;Dest;mode;timestamp)
?server(Protocol;Host;Dest;mode)
!symetric active(Protocol;Host;Dest;mode;timestamp)
?server(Protocol;Host;Dest;mode)
!Response(Protocol;Host;Dest;status;response;data)
!/json.htm(Protocol;Host;Dest;Uri;type;param;idx;svalue)
?Response(Protocol;Host;Dest;status;response)
!/json.htm(Protocol;Host;Dest;Uri;type;param;idx;switchcmd)
!symetric active(Protocol;Host;Dest;mode;timestamp)
?server(Protocol;Host;Dest;mode)
!symetric active(Protocol;Host;Dest;mode;timestamp)
?server(Protocol;Host;Dest;mode)
?Response(Protocol;Host;Dest;status;response)
?/devices(ProtocolVerb;Host;Dest;Uri)
!/json.htm(Protocol;Host;Dest;Uri;type;param;idx;svalue)
!symetric active(Protocol;Host;Dest;mode;timestamp)
?server(Protocol;Host;Dest;mode)
!symetric active(Protocol;Host;Dest;mode;timestamp)
?server(Protocol;Host;Dest;mode)
?Response(Protocol;Host;Dest;status;response)