!/json.htm(Protocol;Host;Dest;Uri;type;param;idx;svalue)
?Response(Protocol;Host;Dest;status;response)
!/json.htm(Protocol;Host;Dest;Uri;type;param;idx;svalue)
?Response(Protocol;Host;Dest;status;response)
!/json.htm(Protocol;Host;Dest;Uri;type;param;idx;svalue)
?Response(Protocol;Host;Dest;status;response)
!/json.htm(Protocol;Host;Dest;Uri;type;param;idx;svalue)
?Response(Protocol;Host;Dest;status;response)
?/(Protocol;Verb;Host;Dest;Uri)
?/login(Protocol;Verb;Host;Dest;Uri)
!Response(Protocol;Host;Dest;status;response;data)
?/favicon.ico(Protocol;Verb;Host;Dest;Uri)
?/favicon.ico(Protocol;Verb;Host;Dest;Uri)
?/login(Protocol;Verb;Host;Dest;Uri)
!/json.htm(Protocol;Host;Dest;Uri;type;param;idx;svalue)
?Response(Protocol;Host;Dest;status;response)
!Response(Protocol;Host;Dest;status;response;data)
?/login(Protocol;Verb;Host;Dest;Uri;password)
!Response(Protocol;Host;Dest;status;response;data)
?/(Protocol;Verb;Host;Dest;Uri)
!Response(Protocol;Host;Dest;status;response;data)
?/(Protocol;Verb;Host;Dest;Uri)
!Response(Protocol;Host;Dest;status;response;data)
!/json.htm(Protocol;Host;Dest;Uri;type;param;idx;svalue)
?Response(Protocol;Host;Dest;status;response)
!/json.htm(Protocol;Host;Dest;Uri;type;param;idx;switchcmd)
?Response(Protocol;Host;Dest;status;response)
?/devices(Protocol;Verb;Host;Dest;Uri)
!/json.htm(Protocol;Host;Dest;Uri;type;param;idx;svalue)
?Response(Protocol;Host;Dest;status;response)
!/json.htm(Protocol;Host;Dest;Uri;type;param;idx;svalue)
?Response(Protocol;Host;Dest;status;response)
!Response(Protocol;Host;Dest;status;response;data)
?/devices(Protocol;Verb;Host;Dest;Uri)
!Response(Protocol;Host;Dest;status;response;data)
?/hardware(Protocol;Verb;Host;Dest;Uri)
!Response(Protocol;Host;Dest;status;response;data)
?/config(Protocol;Verb;Host;Dest;Uri)
!/json.htm(Protocol;Host;Dest;Uri;type;param;idx;switchcmd)
?Response(Protocol;Host;Dest;status;response)
!Response(Protocol;Host;Dest;status;response;data)
?/tools(Protocol;Verb;Host;Dest;Uri)
!Response(Protocol;Host;Dest;status;response;data)
!/json.htm(Protocol;Host;Dest;Uri;type;param;idx;svalue)
?Response(Protocol;Host;Dest;status;response)
?/log(Protocol;Verb;Host;Dest;Uri)
!Response(Protocol;Host;Dest;status;response;data)
?/log(Protocol;Verb;Host;Dest;Uri)
!Response(Protocol;Host;Dest;status;response;data)