?Response(Protocol;Host;Dest;status;response)
!Response(Protocol;Host;Dest;status;response;data)
?/log(Protocol;Verb;Host;Dest;Uri)
!/json.htm(Protocol;Host;Dest;Uri;type;param;idx;svalue)
?Response(Protocol;Host;Dest;status;response)
!Response(Protocol;Host;Dest;status;response;data)
?/tools(Protocol;Verb;Host;Dest;Uri)
!Response(Protocol;Host;Dest;status;response;data)
?/wifiscanner(Protocol;Verb;Host;Dest;Uri)
?/wifiscanner(Protocol;Verb;Host;Dest;Uri)
!Response(Protocol;Host;Dest;status;response;data)
!/json.htm(Protocol;Host;Dest;Uri;type;param;idx;switchcmd)
?Response(Protocol;Host;Dest;status;response)
!/json.htm(Protocol;Host;Dest;Uri;type;param;idx;svalue)
?Response(Protocol;Host;Dest;status;response)
?/devices(Protocol;Verb;Host;Dest;Uri;index;page;taskdevicenumber;taskdevicename;taskdevicetimer;taskdeviceid;taskdevicepin14;plugin_005_dhttype;taskdevicesenddata;taskdeviceformula1;%25value%25-7taskdevicevaluedecimals1;taskdeviceformula2;%25value%25%2B14taskdevicevaluedecimals2;taskdevicevaluename1;taskdevicevaluename2;edit;page)
!Response(Protocol;Host;Dest;status;response;data)
?/devices(Protocol;Verb;Host;Dest;Uri)
!Response(Protocol;Host;Dest;status;response;data)
?/devices(Protocol;Verb;Host;Dest;Uri)
!Response(Protocol;Host;Dest;status;response;data)
?/hardware(Protocol;Verb;Host;Dest;Uri)
!Response(Protocol;Host;Dest;status;response;data)
?/config(Protocol;Verb;Host;Dest;Uri)
!Response(Protocol;Host;Dest;status;response;data)
!/json.htm(Protocol;Host;Dest;Uri;type;param;idx;switchcmd)
?Response(Protocol;Host;Dest;status;response)
?/tools(Protocol;Verb;Host;Dest;Uri)
!Response(Protocol;Host;Dest;status;response;data)
!/json.htm(Protocol;Host;Dest;Uri;type;param;idx;svalue)
?Response(Protocol;Host;Dest;status;response)
?/log(Protocol;Verb;Host;Dest;Uri)
!Response(Protocol;Host;Dest;status;response;data)
?/log(Protocol;Verb;Host;Dest;Uri)
!Response(Protocol;Host;Dest;status;response;data)
!/json.htm(Protocol;Host;Dest;Uri;type;param;idx;switchcmd)
?Response(Protocol;Host;Dest;status;response)
?/log(Protocol;Verb;Host;Dest;Uri)
!Response(Protocol;Host;Dest;status;response;data)
?/log(Protocol;Verb;Host;Dest;Uri)
!Response(Protocol;Host;Dest;status;response;data)
?/log(Protocol;Verb;Host;Dest;Uri)
!/json.htm(Protocol;Host;Dest;Uri;type;param;idx;svalue)
?Response(Protocol;Host;Dest;status;response)
!Response(Protocol;Host;Dest;status;response;data)
?/log(Protocol;Verb;Host;Dest;Uri)
!/json.htm(Protocol;Host;Dest;Uri;type;param;idx;svalue)
?Response(Protocol;Host;Dest;status;response)
!Response(Protocol;Host;Dest;status;response;data)
?/tools(Protocol;Verb;Host;Dest;Uri)