!Response(Protocol;Host;Dest;status;response;data)
?/wifiscanner(Protocol;Verb;Host;Dest;Uri)
?/wifiscanner(Protocol;Verb;Host;Dest;Uri)
!Response(Protocol;Host;Dest;status;response;data)
!/json.htm(Protocol;Host;Dest;Uri;type;param;idx;switchcmd)
?Response(Protocol;Host;Dest;status;response)
!/json.htm(Protocol;Host;Dest;Uri;type;param;idx;svalue)
?Response(Protocol;Host;Dest;status;response)
?/devices(Protocol;Verb;Host;Dest;Uri;index;page)
!/json.htm(Protocol;Host;Dest;Uri;type;param;idx;svalue)
?Response(Protocol;Host;Dest;status;response)
!Response(Protocol;Host;Dest;status;response;data)
?/devices(Protocol;Verb;Host;Dest;Uri;setpage)
!Response(Protocol;Host;Dest;status;response;data)
?/config(Protocol;Verb;Host;Dest;Uri)
!Response(Protocol;Host;Dest;status;response;data)
?/(Protocol;Verb;Host;Dest;Uri)
!Response(Protocol;Host;Dest;status;response;data)
!/json.htm(Protocol;Host;Dest;Uri;type;param;idx;svalue)
?Response(Protocol;Host;Dest;status;response)
!/json.htm(Protocol;Host;Dest;Uri;type;param;idx;switchcmd)
?Response(Protocol;Host;Dest;status;response)
?/config(Protocol;Verb;Host;Dest;Uri)
!Response(Protocol;Host;Dest;status;response;data)
!/json.htm(Protocol;Host;Dest;Uri;type;param;idx;svalue)
?Response(Protocol;Host;Dest;status;response)
?/config(Protocol;Verb;Host;Dest;Uri;name;password;ssid;apkey;unit;protocol;usedns;controllerip;controllerport;controlleruser;controllerpassword;delay;espip;espgateway;espsubnet;espdns)
!Response(Protocol;Host;Dest;status;response;data)
!/json.htm(Protocol;Host;Dest;Uri;type;param;idx;svalue)
?Response(Protocol;Host;Dest;status;response)
?/tools(Protocol;Verb;Host;Dest;Uri)
!Response(Protocol;Host;Dest;status;response;data)
?/update(Protocol;Verb;Host;Dest;Uri)
!Response(Protocol;Host;Dest;status;response;data)
!/json.htm(Protocol;Host;Dest;Uri;type;param;idx;svalue)
?Response(Protocol;Host;Dest;status;response)
?/devices(Protocol;Verb;Host;Dest;Uri)
!Response(Protocol;Host;Dest;status;response;data)
?/hardware(Protocol;Verb;Host;Dest;Uri)
!Response(Protocol;Host;Dest;status;response;data)
?/config(Protocol;Verb;Host;Dest;Uri)
!Response(Protocol;Host;Dest;status;response;data)
?/tools(Protocol;Verb;Host;Dest;Uri)
!Response(Protocol;Host;Dest;status;response;data)
!/json.htm(Protocol;Host;Dest;Uri;type;param;idx;svalue)
?Response(Protocol;Host;Dest;status;response)
?/log(Protocol;Verb;Host;Dest;Uri)
!Response(Protocol;Host;Dest;status;response;data)
?/log(Protocol;Verb;Host;Dest;Uri)
!Response(Protocol;Host;Dest;status;response;data)